[2025-07-06 02:06:46] INFO: Usuário registrado com sucesso: joazinho42@gmail.com
[2025-07-06 02:06:49] ERROR: Erro ao cadastrar usuário, email já existente
[2025-07-06 02:06:53] INFO: Usuário registrado com sucesso: joazinho43@gmail.com
[2025-07-06 15:01:47] INFO: Usuário registrado com sucesso: joazinho46@gmail.com
[2025-07-06 15:01:55] INFO: Login bem-sucedido para: joaozinho13@gmail.com
[2025-07-06 15:05:35] INFO: Login bem-sucedido para: joaozinho13@gmail.com
[2025-07-06 15:05:38] INFO: Login bem-sucedido para: joaozinho13@gmail.com
[2025-07-06 15:07:02] INFO: Busca de usuários realizada com sucesso
[2025-07-06 15:07:03] INFO: Busca de usuários realizada com sucesso
[2025-07-06 19:56:23] ERROR: Erro ao cadastrar usuário, email já existente
[2025-07-06 19:56:32] INFO: Usuário registrado com sucesso: joazinho60@gmail.com
[2025-07-06 19:56:35] INFO: Login bem-sucedido para: joaozinho13@gmail.com
[2025-07-06 19:58:53] INFO: Login bem-sucedido para: joaozinho13@gmail.com
[2025-07-06 20:02:24] INFO: Login bem-sucedido para: joaozinho13@gmail.com
[2025-07-06 20:02:34] INFO: Busca de usuários realizada no MongoDB
[2025-07-06 20:02:41] INFO: Usuário 6861f1b4d469073ad5fb3c12 consultado no MongoDB e armazenado no cache
[2025-07-06 20:03:55] INFO: Busca por ID: usuário recuperado do cache
[2025-07-06 20:04:01] INFO: Busca por ID: usuário recuperado do cache
[2025-07-06 20:04:08] INFO: Login bem-sucedido para: joaozinho13@gmail.com
[2025-07-06 20:04:17] INFO: Busca por ID: usuário recuperado do cache
[2025-07-06 20:04:46] ERROR: Erro ao buscar usuário por ID: email is not defined
[2025-07-06 20:06:13] INFO: Login bem-sucedido para: joaozinho13@gmail.com
[2025-07-06 20:06:17] INFO: Busca por ID: usuário recuperado do cache
[2025-07-06 20:07:29] INFO: Login bem-sucedido para: joaozinho13@gmail.com
[2025-07-06 20:07:36] ERROR: Erro ao buscar usuário por ID: Cannot access 'user' before initialization
[2025-07-06 20:08:00] INFO: Busca de usuários realizada no MongoDB
